[error] [2024-05-16T08:07:35.189Z] : × Error in parsing CLI command : Error: Cannot find module 'express'
Require stack:
- C:\Users\USER\Desktop\CALLTRAIL\CallTrail-Optimize\main\crm_app\server\index.js
- C:\Users\USER\AppData\Roaming\npm\node_modules\zoho-extension-toolkit\lib\commands\run.js
- C:\Users\USER\AppData\Roaming\npm\node_modules\zoho-extension-toolkit\index.js
    at Module._resolveFilename (node:internal/modules/cjs/loader:1140:15)
    at Module._load (node:internal/modules/cjs/loader:981:27)
    at Module.require (node:internal/modules/cjs/loader:1231:19)
    at require (node:internal/modules/helpers:177:18)
    at Object.<anonymous> (C:\Users\USER\Desktop\CALLTRAIL\CallTrail-Optimize\main\crm_app\server\index.js:7:15)
    at Module._compile (node:internal/modules/cjs/loader:1364:14)
    at Module._extensions..js (node:internal/modules/cjs/loader:1422:10)
    at Module.load (node:internal/modules/cjs/loader:1203:32)
    at Module._load (node:internal/modules/cjs/loader:1019:12)
    at Module.require (node:internal/modules/cjs/loader:1231:19)
[error] [2024-05-26T18:27:48.638Z] : × Below file formats are not allowed in Sigma
[info] [2024-05-26T18:27:48.641Z] :  ==> app\favicon.ico
[info] [2024-05-26T18:27:48.642Z] :  ==> app\static\css\main.4faad834.css.map
[info] [2024-05-26T18:27:48.642Z] :  ==> app\static\js\main.67481a72.js.map
[info] [2024-05-26T18:27:48.643Z] : Note - File formats that can be packed are: txt, md, xml, dre, jpg, jpeg, png, gif, css, js, html, json, mp3, svg, woff, ttf, eot, webm, mp4, and woff2
[error] [2024-05-26T18:27:48.653Z] : × Below file formats are not allowed in Sigma
[info] [2024-05-26T18:27:48.653Z] :  ==> app\favicon.ico
[info] [2024-05-26T18:27:48.654Z] :  ==> app\static\css\main.4faad834.css.map
[info] [2024-05-26T18:27:48.654Z] :  ==> app\static\js\main.67481a72.js.map
[info] [2024-05-26T18:27:48.655Z] : Note - File formats that can be packed are: txt, md, xml, dre, jpg, jpeg, png, gif, css, js, html, json, mp3, svg, woff, ttf, eot, webm, mp4, and woff2
[error] [2024-05-26T18:59:50.160Z] : × Below file formats are not allowed in Sigma
[info] [2024-05-26T18:59:50.162Z] :  ==> app\favicon.ico
[info] [2024-05-26T18:59:50.162Z] :  ==> app\static\css\main.4faad834.css.map
[info] [2024-05-26T18:59:50.163Z] :  ==> app\static\js\main.2c45b2a6.js.map
[info] [2024-05-26T18:59:50.164Z] : Note - File formats that can be packed are: txt, md, xml, dre, jpg, jpeg, png, gif, css, js, html, json, mp3, svg, woff, ttf, eot, webm, mp4, and woff2
[error] [2024-05-26T18:59:50.171Z] : × Below file formats are not allowed in Sigma
[info] [2024-05-26T18:59:50.172Z] :  ==> app\favicon.ico
[info] [2024-05-26T18:59:50.173Z] :  ==> app\static\css\main.4faad834.css.map
[info] [2024-05-26T18:59:50.174Z] :  ==> app\static\js\main.2c45b2a6.js.map
[info] [2024-05-26T18:59:50.174Z] : Note - File formats that can be packed are: txt, md, xml, dre, jpg, jpeg, png, gif, css, js, html, json, mp3, svg, woff, ttf, eot, webm, mp4, and woff2
[error] [2024-05-26T19:02:00.511Z] : × Below file formats are not allowed in Sigma
[info] [2024-05-26T19:02:00.514Z] :  ==> app\favicon.ico
[info] [2024-05-26T19:02:00.514Z] :  ==> app\static\css\main.4faad834.css.map
[info] [2024-05-26T19:02:00.515Z] :  ==> app\static\js\main.6d461a41.js.map
[info] [2024-05-26T19:02:00.516Z] : Note - File formats that can be packed are: txt, md, xml, dre, jpg, jpeg, png, gif, css, js, html, json, mp3, svg, woff, ttf, eot, webm, mp4, and woff2
[error] [2024-05-26T19:02:00.522Z] : × Below file formats are not allowed in Sigma
[info] [2024-05-26T19:02:00.524Z] :  ==> app\favicon.ico
[info] [2024-05-26T19:02:00.525Z] :  ==> app\static\css\main.4faad834.css.map
[info] [2024-05-26T19:02:00.526Z] :  ==> app\static\js\main.6d461a41.js.map
[info] [2024-05-26T19:02:00.527Z] : Note - File formats that can be packed are: txt, md, xml, dre, jpg, jpeg, png, gif, css, js, html, json, mp3, svg, woff, ttf, eot, webm, mp4, and woff2
[error] [2024-05-26T19:12:43.601Z] : × Below file formats are not allowed in Sigma
[info] [2024-05-26T19:12:43.604Z] :  ==> app\favicon.ico
[info] [2024-05-26T19:12:43.604Z] :  ==> app\static\css\main.4faad834.css.map
[info] [2024-05-26T19:12:43.605Z] :  ==> app\static\js\main.6d461a41.js.map
[info] [2024-05-26T19:12:43.606Z] : Note - File formats that can be packed are: txt, md, xml, dre, jpg, jpeg, png, gif, css, js, html, json, mp3, svg, woff, ttf, eot, webm, mp4, and woff2
[error] [2024-05-26T19:12:43.612Z] : × Below file formats are not allowed in Sigma
[info] [2024-05-26T19:12:43.614Z] :  ==> app\favicon.ico
[info] [2024-05-26T19:12:43.615Z] :  ==> app\static\css\main.4faad834.css.map
[info] [2024-05-26T19:12:43.616Z] :  ==> app\static\js\main.6d461a41.js.map
[info] [2024-05-26T19:12:43.617Z] : Note - File formats that can be packed are: txt, md, xml, dre, jpg, jpeg, png, gif, css, js, html, json, mp3, svg, woff, ttf, eot, webm, mp4, and woff2
[error] [2024-05-26T19:17:26.491Z] : × Below file formats are not allowed in Sigma
[info] [2024-05-26T19:17:26.493Z] :  ==> app\favicon.ico
[info] [2024-05-26T19:17:26.494Z] :  ==> app\static\css\main.db43bb2e.css.map
[info] [2024-05-26T19:17:26.494Z] :  ==> app\static\js\main.6d461a41.js.map
[info] [2024-05-26T19:17:26.495Z] : Note - File formats that can be packed are: txt, md, xml, dre, jpg, jpeg, png, gif, css, js, html, json, mp3, svg, woff, ttf, eot, webm, mp4, and woff2
[error] [2024-05-26T19:17:26.502Z] : × Below file formats are not allowed in Sigma
[info] [2024-05-26T19:17:26.503Z] :  ==> app\favicon.ico
[info] [2024-05-26T19:17:26.504Z] :  ==> app\static\css\main.db43bb2e.css.map
[info] [2024-05-26T19:17:26.504Z] :  ==> app\static\js\main.6d461a41.js.map
[info] [2024-05-26T19:17:26.505Z] : Note - File formats that can be packed are: txt, md, xml, dre, jpg, jpeg, png, gif, css, js, html, json, mp3, svg, woff, ttf, eot, webm, mp4, and woff2
